<?xml version="1.0" encoding="UTF-8"?>
<testng-results ignored="0" total="0" passed="0" failed="0" skipped="0">
  <reporter-output>
  </reporter-output>
  <suite started-at="2023-04-29T13:51:23 IST" name="All Test Suite" finished-at="2023-04-29T13:51:23 IST" duration-ms="19">
    <groups>
    </groups>
    <test started-at="2023-04-29T13:51:23 IST" name="C:/Users/kumar/IdeaProjects/YouTube/src/test/java/org/example/AppTest.java" finished-at="2023-04-29T13:51:23 IST" duration-ms="19">
    </test> <!-- C:/Users/kumar/IdeaProjects/YouTube/src/test/java/org/example/AppTest.java -->
  </suite> <!-- All Test Suite -->
</testng-results>
